<?xml version="1.0" encoding="UTF-8" ?>
<testsuite 
errors="0" failures="0" hostname="unknown" name="q1.Problem1Test" tests="4" time="0.112" timestamp="2024-03-10T22:28:27">
  <properties>
    <property name="jline.esc.timeout" value="0"/>
    <property name="java.runtime.name" value="OpenJDK Runtime Environment"/>
    <property
    name="sun.boot.library.path" value="/opt/openjdk-bin-8.382_p05/jre/lib/amd64"/>
    <property name="java.vm.version" value="25.382-b05"/>
    <property name="java.vm.vendor" value="Temurin"/>
    <property name="java.vendor.url" value="https://adoptium.net/"/>
    <property name="path.separator" value=":"/>
    <property name="java.vm.name" value="OpenJDK 64-Bit Server VM"/>
    <property name="file.encoding.pkg" value="sun.io"/>
    <property name="sun.java.launcher" value="SUN_STANDARD"/>
    <property name="sun.os.patch.level" value="unknown"/>
    <property
    name="java.vm.specification.name" value="Java Virtual Machine Specification"/>
    <property name="user.dir" value="/home/mosaic/340/a2.2"/>
    <property name="java.runtime.version" value="1.8.0_382-b05"/>
    <property
    name="java.awt.graphicsenv" value="sun.awt.X11GraphicsEnvironment"/>
    <property
    name="java.endorsed.dirs" value="/opt/openjdk-bin-8.382_p05/jre/lib/endorsed"/>
    <property name="os.arch" value="amd64"/>
    <property name="java.io.tmpdir" value="/tmp"/>
    <property name="line.separator" value=" "/>
    <property name="java.vm.specification.vendor" value="Oracle Corporation"/>
    <property name="os.name" value="Linux"/>
    <property name="sun.jnu.encoding" value="UTF-8"/>
    <property name="java.library.path" value="/lib64"/>
    <property name="sbt.version" value="0.13.18"/>
    <property
    name="java.specification.name" value="Java Platform API Specification"/>
    <property name="java.class.version" value="52.0"/>
    <property
    name="sun.management.compiler" value="HotSpot 64-Bit Tiered Compilers"/>
    <property name="os.version" value="6.1.41-gentoo-dist"/>
    <property name="user.home" value="/home/mosaic"/>
    <property name="user.timezone" value="Canada/Saskatchewan"/>
    <property name="java.awt.printerjob" value="sun.print.PSPrinterJob"/>
    <property name="file.encoding" value="UTF-8"/>
    <property name="java.specification.version" value="1.8"/>
    <property name="user.name" value="mosaic"/>
    <property
    name="java.class.path" value="/usr/share/sbt/lib/sbt-launch.jar"/>
    <property name="jline.shutdownhook" value="false"/>
    <property name="java.vm.specification.version" value="1.8"/>
    <property name="sun.arch.data.model" value="64"/>
    <property name="java.home" value="/opt/openjdk-bin-8.382_p05/jre"/>
    <property
    name="sun.java.command" value="/usr/share/sbt/lib/sbt-launch.jar test"/>
    <property name="java.specification.vendor" value="Oracle Corporation"/>
    <property name="user.language" value="en"/>
    <property name="awt.toolkit" value="sun.awt.X11.XToolkit"/>
    <property name="java.vm.info" value="mixed mode"/>
    <property name="java.version" value="1.8.0_382"/>
    <property
    name="java.ext.dirs" value="/opt/openjdk-bin-8.382_p05/jre/lib/ext:/usr/java/packages/lib/ext"/>
    <property
    name="sun.boot.class.path" value="/opt/openjdk-bin-8.382_p05/jre/lib/resources.jar:/opt/openjdk-bin-8.382_p05/jre/lib/rt.jar:/opt/openjdk-bin-8.382_p05/jre/lib/sunrsasign.jar:/opt/openjdk-bin-8.382_p05/jre/lib/jsse.jar:/opt/openjdk-bin-8.382_p05/jre/lib/jce.jar:/opt/openjdk-bin-8.382_p05/jre/lib/charsets.jar:/opt/openjdk-bin-8.382_p05/jre/lib/jfr.jar:/opt/openjdk-bin-8.382_p05/jre/classes"/>
    <property name="java.vendor" value="Temurin"/>
    <property name="java.specification.maintenance.version" value="5"/>
    <property name="file.separator" value="/"/>
    <property
    name="java.vendor.url.bug" value="https://github.com/adoptium/adoptium-support/issues"/>
    <property name="sun.cpu.endian" value="little"/>
    <property name="sun.io.unicode.encoding" value="UnicodeLittle"/>
    <property name="sun.cpu.isalist" value=""/>
  </properties>
  <testcase 
  name="iterateUsingUnfold should generate the correct LazyList" classname="q1.Problem1Test" time="0.033">
</testcase>
  <testcase 
  name="iterateWithoutUnfold should generate the correct LazyList" classname="q1.Problem1Test" time="0.001">
</testcase>
  <testcase 
  name="iterateWithoutUnfold and iterateUsingUnfold should generate the same LazyList 1" classname="q1.Problem1Test" time="0.001">
</testcase>
  <testcase 
  name="iterateWithoutUnfold and iterateUsingUnfold should generate the same LazyList 2" classname="q1.Problem1Test" time="0.002">
</testcase>
  <system-out><![CDATA[]]></system-out>
  <system-err><![CDATA[]]></system-err>
</testsuite>
